<?xml version="1.0" encoding="UTF-8"?>
<!-- Generated by org.testng.reporters.JUnitReportReporter -->
<testsuite skipped="0" hostname="ATMECSINLT-084" name="com.atmecs.testscript.CollectingPolicyDates" tests="1" failures="0" timestamp="2019-11-26T19:58:50 IST" time="0.195" errors="0">
  <testcase name="gettingDatesFromExcel" time="0.195" classname="com.atmecs.testscript.CollectingPolicyDates"/>
</testsuite> <!-- com.atmecs.testscript.CollectingPolicyDates -->
